[2021-02-02T16:55:42.340] [ERROR] application - CastError: Cast to ObjectId failed for value "add" at path "_id" for model "Todos"
    at model.Query.exec (C:\Users\davej\private\todo-universal-api-server\node_modules\mongoose\lib\query.js:4358:21)
    at model.Query.Query.then (C:\Users\davej\private\todo-universal-api-server\node_modules\mongoose\lib\query.js:4450:15)
    at processTicksAndRejections (internal/process/task_queues.js:93:5) {
  messageFormat: undefined,
  stringValue: '"add"',
  kind: 'ObjectId',
  value: 'add',
  path: '_id',
  reason: Error: Argument passed in must be a single String of 12 bytes or a string of 24 hex characters
      at new ObjectID (C:\Users\davej\private\todo-universal-api-server\node_modules\bson\lib\bson\objectid.js:59:11)
      at castObjectId (C:\Users\davej\private\todo-universal-api-server\node_modules\mongoose\lib\cast\objectid.js:25:12)
      at ObjectId.cast (C:\Users\davej\private\todo-universal-api-server\node_modules\mongoose\lib\schema\objectid.js:267:12)
      at ObjectId.SchemaType.applySetters (C:\Users\davej\private\todo-universal-api-server\node_modules\mongoose\lib\schematype.js:1075:12)
      at ObjectId.SchemaType._castForQuery (C:\Users\davej\private\todo-universal-api-server\node_modules\mongoose\lib\schematype.js:1510:15)
      at ObjectId.SchemaType.castForQuery (C:\Users\davej\private\todo-universal-api-server\node_modules\mongoose\lib\schematype.js:1500:15)
      at ObjectId.SchemaType.castForQueryWrapper (C:\Users\davej\private\todo-universal-api-server\node_modules\mongoose\lib\schematype.js:1477:20)
      at cast (C:\Users\davej\private\todo-universal-api-server\node_modules\mongoose\lib\cast.js:331:32)
      at model.Query.Query.cast (C:\Users\davej\private\todo-universal-api-server\node_modules\mongoose\lib\query.js:4759:12)
      at model.Query.Query._castConditions (C:\Users\davej\private\todo-universal-api-server\node_modules\mongoose\lib\query.js:1841:10)
      at model.Query.<anonymous> (C:\Users\davej\private\todo-universal-api-server\node_modules\mongoose\lib\query.js:2098:8)
      at model.Query._wrappedThunk [as _findOne] (C:\Users\davej\private\todo-universal-api-server\node_modules\mongoose\lib\helpers\query\wrapThunk.js:16:8)
      at C:\Users\davej\private\todo-universal-api-server\node_modules\kareem\index.js:369:33
      at processTicksAndRejections (internal/process/task_queues.js:75:11)
}
